# JRE version: OpenJDK Runtime Environment Temurin-17.0.5+8 (17.0.5+8) (build 17.0.5+8)
# Java VM: OpenJDK 64-Bit Server VM Temurin-17.0.5+8 (17.0.5+8, mixed mode, tiered, compressed oops, compressed class ptrs, g1 gc, windows-amd64)
GC Precious Log:
 CPUs: 4 total, 4 available
 Memory: 4010M
 Large Page Support: Disabled
 NUMA Support: Disabled
 Compressed Oops: Enabled (32-bit)
 Heap Region Size: 1M
 Heap Min Capacity: 8M
 Heap Initial Capacity: 64M
 Heap Max Capacity: 1004M
 Pre-touch: Disabled
 Parallel Workers: 4
 Concurrent Workers: 1
 Concurrent Refinement Workers: 4
 Periodic GC: Disabled
Heap:
 garbage-first heap   total 34816K, used 19618K [0x00000000c1400000, 0x0000000100000000)
  region size 1024K, 4 young (4096K), 1 survivors (1024K)
 Metaspace       used 51285K, committed 51584K, reserved 1097728K
  class space    used 6316K, committed 6464K, reserved 1048576K
GC Heap History (20 events):
Event: 8.486 GC heap before
{Heap before GC invocations=7 (full 0):
 garbage-first heap   total 34816K, used 22189K [0x00000000c1400000, 0x0000000100000000)
  region size 1024K, 13 young (13312K), 1 survivors (1024K)
 Metaspace       used 25738K, committed 25920K, reserved 1073152K
  class space    used 2844K, committed 2944K, reserved 1048576K
}
Event: 8.490 GC heap after
{Heap after GC invocations=8 (full 0):
 garbage-first heap   total 34816K, used 10476K [0x00000000c1400000, 0x0000000100000000)
  region size 1024K, 1 young (1024K), 1 survivors (1024K)
 Metaspace       used 25738K, committed 25920K, reserved 1073152K
  class space    used 2844K, committed 2944K, reserved 1048576K
}
Event: 9.663 GC heap before
{Heap before GC invocations=8 (full 0):
 garbage-first heap   total 34816K, used 23788K [0x00000000c1400000, 0x0000000100000000)
  region size 1024K, 14 young (14336K), 1 survivors (1024K)
 Metaspace       used 27898K, committed 28160K, reserved 1081344K
  class space    used 3137K, committed 3264K, reserved 1048576K
}
Event: 9.667 GC heap after
{Heap after GC invocations=9 (full 0):
 garbage-first heap   total 34816K, used 11402K [0x00000000c1400000, 0x0000000100000000)
  region size 1024K, 2 young (2048K), 2 survivors (2048K)
 Metaspace       used 27898K, committed 28160K, reserved 1081344K
  class space    used 3137K, committed 3264K, reserved 1048576K
}
Event: 10.862 GC heap before
{Heap before GC invocations=9 (full 0):
 garbage-first heap   total 34816K, used 24714K [0x00000000c1400000, 0x0000000100000000)
  region size 1024K, 15 young (15360K), 2 survivors (2048K)
 Metaspace       used 30534K, committed 30784K, reserved 1081344K
  class space    used 3521K, committed 3648K, reserved 1048576K
}
Event: 10.876 GC heap after
{Heap after GC invocations=10 (full 0):
 garbage-first heap   total 34816K, used 12797K [0x00000000c1400000, 0x0000000100000000)
  region size 1024K, 2 young (2048K), 2 survivors (2048K)
 Metaspace       used 30534K, committed 30784K, reserved 1081344K
  class space    used 3521K, committed 3648K, reserved 1048576K
}
Event: 12.458 GC heap before
{Heap before GC invocations=10 (full 0):
 garbage-first heap   total 34816K, used 25085K [0x00000000c1400000, 0x0000000100000000)
  region size 1024K, 14 young (14336K), 2 survivors (2048K)
 Metaspace       used 33596K, committed 33856K, reserved 1081344K
  class space    used 3914K, committed 4032K, reserved 1048576K
}
Event: 12.465 GC heap after
{Heap after GC invocations=11 (full 0):
 garbage-first heap   total 34816K, used 14481K [0x00000000c1400000, 0x0000000100000000)
  region size 1024K, 2 young (2048K), 2 survivors (2048K)
 Metaspace       used 33596K, committed 33856K, reserved 1081344K
  class space    used 3914K, committed 4032K, reserved 1048576K
}
Event: 13.254 GC heap before
{Heap before GC invocations=11 (full 0):
 garbage-first heap   total 34816K, used 23697K [0x00000000c1400000, 0x0000000100000000)
  region size 1024K, 12 young (12288K), 2 survivors (2048K)
 Metaspace       used 35141K, committed 35392K, reserved 1081344K
  class space    used 4072K, committed 4224K, reserved 1048576K
}
Event: 13.261 GC heap after
{Heap after GC invocations=12 (full 0):
 garbage-first heap   total 34816K, used 15413K [0x00000000c1400000, 0x0000000100000000)
  region size 1024K, 2 young (2048K), 2 survivors (2048K)
 Metaspace       used 35141K, committed 35392K, reserved 1081344K
  class space    used 4072K, committed 4224K, reserved 1048576K
}
Event: 14.134 GC heap before
{Heap before GC invocations=12 (full 0):
 garbage-first heap   total 34816K, used 21557K [0x00000000c1400000, 0x0000000100000000)
  region size 1024K, 9 young (9216K), 2 survivors (2048K)
 Metaspace       used 35910K, committed 36160K, reserved 1089536K
  class space    used 4181K, committed 4288K, reserved 1048576K
}
Event: 14.142 GC heap after
{Heap after GC invocations=13 (full 0):
 garbage-first heap   total 34816K, used 15793K [0x00000000c1400000, 0x0000000100000000)
  region size 1024K, 2 young (2048K), 2 survivors (2048K)
 Metaspace       used 35910K, committed 36160K, reserved 1089536K
  class space    used 4181K, committed 4288K, reserved 1048576K
}
Event: 16.057 GC heap before
{Heap before GC invocations=14 (full 0):
 garbage-first heap   total 34816K, used 25009K [0x00000000c1400000, 0x0000000100000000)
  region size 1024K, 12 young (12288K), 2 survivors (2048K)
 Metaspace       used 38737K, committed 38976K, reserved 1089536K
  class space    used 4557K, committed 4672K, reserved 1048576K
}
Event: 16.066 GC heap after
{Heap after GC invocations=15 (full 0):
 garbage-first heap   total 34816K, used 16327K [0x00000000c1400000, 0x0000000100000000)
  region size 1024K, 1 young (1024K), 1 survivors (1024K)
 Metaspace       used 38737K, committed 38976K, reserved 1089536K
  class space    used 4557K, committed 4672K, reserved 1048576K
}
Event: 17.107 GC heap before
{Heap before GC invocations=15 (full 0):
 garbage-first heap   total 34816K, used 25543K [0x00000000c1400000, 0x0000000100000000)
  region size 1024K, 11 young (11264K), 1 survivors (1024K)
 Metaspace       used 41613K, committed 41984K, reserved 1089536K
  class space    used 5127K, committed 5312K, reserved 1048576K
}
Event: 17.113 GC heap after
{Heap after GC invocations=16 (full 0):
 garbage-first heap   total 34816K, used 16823K [0x00000000c1400000, 0x0000000100000000)
  region size 1024K, 2 young (2048K), 2 survivors (2048K)
 Metaspace       used 41613K, committed 41984K, reserved 1089536K
  class space    used 5127K, committed 5312K, reserved 1048576K
}
Event: 20.227 GC heap before
{Heap before GC invocations=16 (full 0):
 garbage-first heap   total 34816K, used 26039K [0x00000000c1400000, 0x0000000100000000)
  region size 1024K, 12 young (12288K), 2 survivors (2048K)
 Metaspace       used 48145K, committed 48448K, reserved 1097728K
  class space    used 5875K, committed 6016K, reserved 1048576K
}
Event: 20.236 GC heap after
{Heap after GC invocations=17 (full 0):
 garbage-first heap   total 34816K, used 17968K [0x00000000c1400000, 0x0000000100000000)
  region size 1024K, 2 young (2048K), 2 survivors (2048K)
 Metaspace       used 48145K, committed 48448K, reserved 1097728K
  class space    used 5875K, committed 6016K, reserved 1048576K
}
Event: 21.196 GC heap before
{Heap before GC invocations=17 (full 0):
 garbage-first heap   total 34816K, used 26160K [0x00000000c1400000, 0x0000000100000000)
  region size 1024K, 11 young (11264K), 2 survivors (2048K)
 Metaspace       used 50716K, committed 51008K, reserved 1097728K
  class space    used 6217K, committed 6336K, reserved 1048576K
}
Event: 21.205 GC heap after
{Heap after GC invocations=18 (full 0):
 garbage-first heap   total 34816K, used 18594K [0x00000000c1400000, 0x0000000100000000)
  region size 1024K, 1 young (1024K), 1 survivors (1024K)
 Metaspace       used 50716K, committed 51008K, reserved 1097728K
  class space    used 6217K, committed 6336K, reserved 1048576K
}

