# JRE version: OpenJDK Runtime Environment Temurin-17.0.5+8 (17.0.5+8) (build 17.0.5+8)
# Java VM: OpenJDK 64-Bit Server VM Temurin-17.0.5+8 (17.0.5+8, mixed mode, tiered, compressed oops, compressed class ptrs, g1 gc, windows-amd64)
GC Precious Log:
 CPUs: 4 total, 4 available
 Memory: 4010M
 Large Page Support: Disabled
 NUMA Support: Disabled
 Compressed Oops: Enabled (32-bit)
 Heap Region Size: 1M
 Heap Min Capacity: 8M
 Heap Initial Capacity: 64M
 Heap Max Capacity: 1004M
 Pre-touch: Disabled
 Parallel Workers: 4
 Concurrent Workers: 1
 Concurrent Refinement Workers: 4
 Periodic GC: Disabled
Heap:
 garbage-first heap   total 37888K, used 27152K [0x00000000c1400000, 0x0000000100000000)
  region size 1024K, 12 young (12288K), 2 survivors (2048K)
 Metaspace       used 49909K, committed 50176K, reserved 1097728K
  class space    used 6141K, committed 6272K, reserved 1048576K
GC Heap History (20 events):
Event: 6.855 GC heap before
{Heap before GC invocations=3 (full 0):
 garbage-first heap   total 65536K, used 9431K [0x00000000c1400000, 0x0000000100000000)
  region size 1024K, 6 young (6144K), 3 survivors (3072K)
 Metaspace       used 21325K, committed 21568K, reserved 1073152K
  class space    used 2278K, committed 2368K, reserved 1048576K
}
Event: 6.861 GC heap after
{Heap after GC invocations=4 (full 0):
 garbage-first heap   total 65536K, used 8610K [0x00000000c1400000, 0x0000000100000000)
  region size 1024K, 3 young (3072K), 3 survivors (3072K)
 Metaspace       used 21325K, committed 21568K, reserved 1073152K
  class space    used 2278K, committed 2368K, reserved 1048576K
}
Event: 8.807 GC heap before
{Heap before GC invocations=5 (full 0):
 garbage-first heap   total 37888K, used 27042K [0x00000000c1400000, 0x0000000100000000)
  region size 1024K, 22 young (22528K), 3 survivors (3072K)
 Metaspace       used 24791K, committed 24960K, reserved 1073152K
  class space    used 2739K, committed 2816K, reserved 1048576K
}
Event: 8.818 GC heap after
{Heap after GC invocations=6 (full 0):
 garbage-first heap   total 37888K, used 9932K [0x00000000c1400000, 0x0000000100000000)
  region size 1024K, 3 young (3072K), 3 survivors (3072K)
 Metaspace       used 24791K, committed 24960K, reserved 1073152K
  class space    used 2739K, committed 2816K, reserved 1048576K
}
Event: 10.278 GC heap before
{Heap before GC invocations=6 (full 0):
 garbage-first heap   total 37888K, used 25292K [0x00000000c1400000, 0x0000000100000000)
  region size 1024K, 18 young (18432K), 3 survivors (3072K)
 Metaspace       used 26418K, committed 26688K, reserved 1073152K
  class space    used 2919K, committed 3008K, reserved 1048576K
}
Event: 10.286 GC heap after
{Heap after GC invocations=7 (full 0):
 garbage-first heap   total 37888K, used 10693K [0x00000000c1400000, 0x0000000100000000)
  region size 1024K, 3 young (3072K), 3 survivors (3072K)
 Metaspace       used 26418K, committed 26688K, reserved 1073152K
  class space    used 2919K, committed 3008K, reserved 1048576K
}
Event: 11.598 GC heap before
{Heap before GC invocations=7 (full 0):
 garbage-first heap   total 37888K, used 25029K [0x00000000c1400000, 0x0000000100000000)
  region size 1024K, 17 young (17408K), 3 survivors (3072K)
 Metaspace       used 28841K, committed 29120K, reserved 1081344K
  class space    used 3270K, committed 3392K, reserved 1048576K
}
Event: 11.608 GC heap after
{Heap after GC invocations=8 (full 0):
 garbage-first heap   total 37888K, used 11782K [0x00000000c1400000, 0x0000000100000000)
  region size 1024K, 3 young (3072K), 3 survivors (3072K)
 Metaspace       used 28841K, committed 29120K, reserved 1081344K
  class space    used 3270K, committed 3392K, reserved 1048576K
}
Event: 13.320 GC heap before
{Heap before GC invocations=8 (full 0):
 garbage-first heap   total 37888K, used 25094K [0x00000000c1400000, 0x0000000100000000)
  region size 1024K, 17 young (17408K), 3 survivors (3072K)
 Metaspace       used 31469K, committed 31744K, reserved 1081344K
  class space    used 3677K, committed 3776K, reserved 1048576K
}
Event: 13.328 GC heap after
{Heap after GC invocations=9 (full 0):
 garbage-first heap   total 37888K, used 13481K [0x00000000c1400000, 0x0000000100000000)
  region size 1024K, 3 young (3072K), 3 survivors (3072K)
 Metaspace       used 31469K, committed 31744K, reserved 1081344K
  class space    used 3677K, committed 3776K, reserved 1048576K
}
Event: 14.596 GC heap before
{Heap before GC invocations=9 (full 0):
 garbage-first heap   total 37888K, used 25769K [0x00000000c1400000, 0x0000000100000000)
  region size 1024K, 16 young (16384K), 3 survivors (3072K)
 Metaspace       used 34567K, committed 34816K, reserved 1081344K
  class space    used 4023K, committed 4160K, reserved 1048576K
}
Event: 14.605 GC heap after
{Heap after GC invocations=10 (full 0):
 garbage-first heap   total 37888K, used 15007K [0x00000000c1400000, 0x0000000100000000)
  region size 1024K, 2 young (2048K), 2 survivors (2048K)
 Metaspace       used 34567K, committed 34816K, reserved 1081344K
  class space    used 4023K, committed 4160K, reserved 1048576K
}
Event: 15.891 GC heap before
{Heap before GC invocations=10 (full 0):
 garbage-first heap   total 37888K, used 22175K [0x00000000c1400000, 0x0000000100000000)
  region size 1024K, 10 young (10240K), 2 survivors (2048K)
 Metaspace       used 35702K, committed 35968K, reserved 1081344K
  class space    used 4150K, committed 4288K, reserved 1048576K
}
Event: 15.899 GC heap after
{Heap after GC invocations=11 (full 0):
 garbage-first heap   total 37888K, used 15633K [0x00000000c1400000, 0x0000000100000000)
  region size 1024K, 1 young (1024K), 1 survivors (1024K)
 Metaspace       used 35702K, committed 35968K, reserved 1081344K
  class space    used 4150K, committed 4288K, reserved 1048576K
}
Event: 17.444 GC heap before
{Heap before GC invocations=12 (full 0):
 garbage-first heap   total 37888K, used 26897K [0x00000000c1400000, 0x0000000100000000)
  region size 1024K, 12 young (12288K), 1 survivors (1024K)
 Metaspace       used 37973K, committed 38272K, reserved 1089536K
  class space    used 4451K, committed 4544K, reserved 1048576K
}
Event: 17.448 GC heap after
{Heap after GC invocations=13 (full 0):
 garbage-first heap   total 37888K, used 16176K [0x00000000c1400000, 0x0000000100000000)
  region size 1024K, 2 young (2048K), 2 survivors (2048K)
 Metaspace       used 37973K, committed 38272K, reserved 1089536K
  class space    used 4451K, committed 4544K, reserved 1048576K
}
Event: 18.543 GC heap before
{Heap before GC invocations=13 (full 0):
 garbage-first heap   total 37888K, used 27440K [0x00000000c1400000, 0x0000000100000000)
  region size 1024K, 13 young (13312K), 2 survivors (2048K)
 Metaspace       used 40992K, committed 41280K, reserved 1089536K
  class space    used 5006K, committed 5120K, reserved 1048576K
}
Event: 18.552 GC heap after
{Heap after GC invocations=14 (full 0):
 garbage-first heap   total 37888K, used 16715K [0x00000000c1400000, 0x0000000100000000)
  region size 1024K, 2 young (2048K), 2 survivors (2048K)
 Metaspace       used 40992K, committed 41280K, reserved 1089536K
  class space    used 5006K, committed 5120K, reserved 1048576K
}
Event: 21.657 GC heap before
{Heap before GC invocations=14 (full 0):
 garbage-first heap   total 37888K, used 25931K [0x00000000c1400000, 0x0000000100000000)
  region size 1024K, 12 young (12288K), 2 survivors (2048K)
 Metaspace       used 47333K, committed 47552K, reserved 1097728K
  class space    used 5794K, committed 5888K, reserved 1048576K
}
Event: 21.663 GC heap after
{Heap after GC invocations=15 (full 0):
 garbage-first heap   total 37888K, used 17936K [0x00000000c1400000, 0x0000000100000000)
  region size 1024K, 2 young (2048K), 2 survivors (2048K)
 Metaspace       used 47333K, committed 47552K, reserved 1097728K
  class space    used 5794K, committed 5888K, reserved 1048576K
}

